<?xml version="1.0" encoding="UTF-8"?>
<!-- Generated by org.testng.reporters.JUnitReportReporter -->
<testsuite hostname="EPUAVINW0148" name="GoToTest" tests="1" failures="0" timestamp="25 Oct 2017 07:46:31 GMT" time="169.378" errors="0">
  <testcase name="enterSite" time="169.378" classname="GoToTest"/>
</testsuite> <!-- GoToTest -->
