<?xml version="1.0" encoding="UTF-8"?>
<!-- Generated by org.testng.reporters.JUnitReportReporter -->
<testsuite hostname="EPUAVINW0148" name="GoToTest" tests="2" failures="0" timestamp="25 Oct 2017 09:11:58 GMT" time="338.093" errors="0">
  <testcase name="enterSite" time="169.282" classname="GoToTest"/>
  <testcase name="goTo" time="168.811" classname="GoToTest"/>
</testsuite> <!-- GoToTest -->
