<?xml version="1.0" encoding="UTF-8"?>
<!-- Generated by org.testng.reporters.JUnitReportReporter -->
<testsuite hostname="EPUAVINW0148" name="GoToTest" tests="2" failures="0" timestamp="25 Oct 2017 09:26:48 GMT" time="338.926" errors="0">
  <testcase name="goTo" time="169.403" classname="GoToTest"/>
  <testcase name="enterSite" time="169.523" classname="GoToTest"/>
</testsuite> <!-- GoToTest -->
